[05-May-2025 14:44:38 UTC] PHP Fatal error:  Cannot declare class App\Http\Controllers\notificacoes, because the name is already in use in C:\laragon\www\IFinancas\app\Http\Controllers\NotificationsController.php on line 7
[05-May-2025 14:45:09 UTC] PHP Fatal error:  Cannot declare class App\Http\Controllers\notificacoes, because the name is already in use in C:\laragon\www\IFinancas\app\Http\Controllers\NotificationsController.php on line 7
[05-May-2025 14:45:36 UTC] PHP Fatal error:  Cannot declare class App\Http\Controllers\notificacoes, because the name is already in use in C:\laragon\www\IFinancas\app\Http\Controllers\NotificationsController.php on line 7
[05-May-2025 14:45:40 UTC] PHP Fatal error:  Cannot declare class App\Http\Controllers\notificacoes, because the name is already in use in C:\laragon\www\IFinancas\app\Http\Controllers\NotificationsController.php on line 7
[08-May-2025 16:10:10 UTC] PHP Fatal error:  Namespace declaration statement has to be the very first statement or after any declare call in the script in C:\laragon\www\IFinancas\app\Http\Controllers\NotificationsController.php on line 4
[08-May-2025 16:10:12 UTC] PHP Fatal error:  Namespace declaration statement has to be the very first statement or after any declare call in the script in C:\laragon\www\IFinancas\app\Http\Controllers\NotificationsController.php on line 4
[08-May-2025 16:10:42 UTC] PHP Fatal error:  Namespace declaration statement has to be the very first statement or after any declare call in the script in C:\laragon\www\IFinancas\app\Http\Controllers\NotificationsController.php on line 4
[08-May-2025 16:10:59 UTC] PHP Fatal error:  Namespace declaration statement has to be the very first statement or after any declare call in the script in C:\laragon\www\IFinancas\app\Http\Controllers\NotificationsController.php on line 4
[08-May-2025 16:11:01 UTC] PHP Fatal error:  Namespace declaration statement has to be the very first statement or after any declare call in the script in C:\laragon\www\IFinancas\app\Http\Controllers\NotificationsController.php on line 4
[08-May-2025 16:20:27 UTC] PHP Fatal error:  Namespace declaration statement has to be the very first statement or after any declare call in the script in C:\laragon\www\IFinancas\app\Http\Controllers\NotificationsController.php on line 4
[08-May-2025 16:20:29 UTC] PHP Fatal error:  Namespace declaration statement has to be the very first statement or after any declare call in the script in C:\laragon\www\IFinancas\app\Http\Controllers\NotificationsController.php on line 4
[08-May-2025 16:20:34 UTC] PHP Fatal error:  Namespace declaration statement has to be the very first statement or after any declare call in the script in C:\laragon\www\IFinancas\app\Http\Controllers\NotificationsController.php on line 4
[08-May-2025 16:21:04 UTC] PHP Fatal error:  Namespace declaration statement has to be the very first statement or after any declare call in the script in C:\laragon\www\IFinancas\app\Http\Controllers\NotificationsController.php on line 4
[08-May-2025 16:21:34 UTC] PHP Fatal error:  Namespace declaration statement has to be the very first statement or after any declare call in the script in C:\laragon\www\IFinancas\app\Http\Controllers\NotificationsController.php on line 4
[08-May-2025 16:22:04 UTC] PHP Fatal error:  Namespace declaration statement has to be the very first statement or after any declare call in the script in C:\laragon\www\IFinancas\app\Http\Controllers\NotificationsController.php on line 4
[08-May-2025 16:22:34 UTC] PHP Fatal error:  Namespace declaration statement has to be the very first statement or after any declare call in the script in C:\laragon\www\IFinancas\app\Http\Controllers\NotificationsController.php on line 4
[08-May-2025 16:23:04 UTC] PHP Fatal error:  Namespace declaration statement has to be the very first statement or after any declare call in the script in C:\laragon\www\IFinancas\app\Http\Controllers\NotificationsController.php on line 4
[08-May-2025 16:23:34 UTC] PHP Fatal error:  Namespace declaration statement has to be the very first statement or after any declare call in the script in C:\laragon\www\IFinancas\app\Http\Controllers\NotificationsController.php on line 4
[08-May-2025 16:24:04 UTC] PHP Fatal error:  Namespace declaration statement has to be the very first statement or after any declare call in the script in C:\laragon\www\IFinancas\app\Http\Controllers\NotificationsController.php on line 4
[08-May-2025 16:24:34 UTC] PHP Fatal error:  Namespace declaration statement has to be the very first statement or after any declare call in the script in C:\laragon\www\IFinancas\app\Http\Controllers\NotificationsController.php on line 4
[08-May-2025 16:25:04 UTC] PHP Fatal error:  Namespace declaration statement has to be the very first statement or after any declare call in the script in C:\laragon\www\IFinancas\app\Http\Controllers\NotificationsController.php on line 4
[08-May-2025 16:25:34 UTC] PHP Fatal error:  Namespace declaration statement has to be the very first statement or after any declare call in the script in C:\laragon\www\IFinancas\app\Http\Controllers\NotificationsController.php on line 4
[08-May-2025 16:26:04 UTC] PHP Fatal error:  Namespace declaration statement has to be the very first statement or after any declare call in the script in C:\laragon\www\IFinancas\app\Http\Controllers\NotificationsController.php on line 4
[08-May-2025 16:26:34 UTC] PHP Fatal error:  Namespace declaration statement has to be the very first statement or after any declare call in the script in C:\laragon\www\IFinancas\app\Http\Controllers\NotificationsController.php on line 4
[08-May-2025 16:27:04 UTC] PHP Fatal error:  Namespace declaration statement has to be the very first statement or after any declare call in the script in C:\laragon\www\IFinancas\app\Http\Controllers\NotificationsController.php on line 4
[08-May-2025 16:27:34 UTC] PHP Fatal error:  Namespace declaration statement has to be the very first statement or after any declare call in the script in C:\laragon\www\IFinancas\app\Http\Controllers\NotificationsController.php on line 4
[08-May-2025 16:28:04 UTC] PHP Fatal error:  Namespace declaration statement has to be the very first statement or after any declare call in the script in C:\laragon\www\IFinancas\app\Http\Controllers\NotificationsController.php on line 4
[08-May-2025 16:28:34 UTC] PHP Fatal error:  Namespace declaration statement has to be the very first statement or after any declare call in the script in C:\laragon\www\IFinancas\app\Http\Controllers\NotificationsController.php on line 4
[08-May-2025 16:29:04 UTC] PHP Fatal error:  Namespace declaration statement has to be the very first statement or after any declare call in the script in C:\laragon\www\IFinancas\app\Http\Controllers\NotificationsController.php on line 4
[08-May-2025 16:29:34 UTC] PHP Fatal error:  Namespace declaration statement has to be the very first statement or after any declare call in the script in C:\laragon\www\IFinancas\app\Http\Controllers\NotificationsController.php on line 4
[08-May-2025 16:30:04 UTC] PHP Fatal error:  Namespace declaration statement has to be the very first statement or after any declare call in the script in C:\laragon\www\IFinancas\app\Http\Controllers\NotificationsController.php on line 4
[08-May-2025 16:30:34 UTC] PHP Fatal error:  Namespace declaration statement has to be the very first statement or after any declare call in the script in C:\laragon\www\IFinancas\app\Http\Controllers\NotificationsController.php on line 4
[08-May-2025 16:31:04 UTC] PHP Fatal error:  Namespace declaration statement has to be the very first statement or after any declare call in the script in C:\laragon\www\IFinancas\app\Http\Controllers\NotificationsController.php on line 4
[08-May-2025 16:31:34 UTC] PHP Fatal error:  Namespace declaration statement has to be the very first statement or after any declare call in the script in C:\laragon\www\IFinancas\app\Http\Controllers\NotificationsController.php on line 4
[08-May-2025 16:32:04 UTC] PHP Fatal error:  Namespace declaration statement has to be the very first statement or after any declare call in the script in C:\laragon\www\IFinancas\app\Http\Controllers\NotificationsController.php on line 4
[08-May-2025 16:32:34 UTC] PHP Fatal error:  Namespace declaration statement has to be the very first statement or after any declare call in the script in C:\laragon\www\IFinancas\app\Http\Controllers\NotificationsController.php on line 4
[08-May-2025 16:33:04 UTC] PHP Fatal error:  Namespace declaration statement has to be the very first statement or after any declare call in the script in C:\laragon\www\IFinancas\app\Http\Controllers\NotificationsController.php on line 4
[21-Aug-2025 12:56:12 UTC] PHP Warning:  require_once(C:\laragon\www\hotel\app../vendor/autoload.php): Failed to open stream: No such file or directory in C:\laragon\www\hotel\app\application.php on line 3
[21-Aug-2025 12:56:12 UTC] PHP Fatal error:  Uncaught Error: Failed opening required 'C:\laragon\www\hotel\app../vendor/autoload.php' (include_path='.;C:/laragon/etc/php/pear') in C:\laragon\www\hotel\app\application.php:3
Stack trace:
#0 C:\laragon\www\hotel\public\index.php(3): require_once()
#1 {main}
  thrown in C:\laragon\www\hotel\app\application.php on line 3
[21-Aug-2025 12:56:54 UTC] PHP Warning:  require_once(C:\laragon\www\hotel\app./vendor/autoload.php): Failed to open stream: Permission denied in C:\laragon\www\hotel\app\application.php on line 3
[21-Aug-2025 12:56:54 UTC] PHP Fatal error:  Uncaught Error: Failed opening required 'C:\laragon\www\hotel\app./vendor/autoload.php' (include_path='.;C:/laragon/etc/php/pear') in C:\laragon\www\hotel\app\application.php:3
Stack trace:
#0 C:\laragon\www\hotel\public\index.php(3): require_once()
#1 {main}
  thrown in C:\laragon\www\hotel\app\application.php on line 3
[21-Aug-2025 12:58:15 UTC] PHP Warning:  require_once(C:\laragon\www\hotel\app../vendor/autoload.php): Failed to open stream: No such file or directory in C:\laragon\www\hotel\app\application.php on line 3
[21-Aug-2025 12:58:15 UTC] PHP Fatal error:  Uncaught Error: Failed opening required 'C:\laragon\www\hotel\app../vendor/autoload.php' (include_path='.;C:/laragon/etc/php/pear') in C:\laragon\www\hotel\app\application.php:3
Stack trace:
#0 C:\laragon\www\hotel\public\index.php(3): require_once()
#1 {main}
  thrown in C:\laragon\www\hotel\app\application.php on line 3
